{
  "stats": {
    "suites": 1,
    "tests": 3,
    "passes": 3,
    "pending": 0,
    "failures": 0,
    "start": "2024-05-08T11:33:14.373Z",
    "end": "2024-05-08T11:33:16.939Z",
    "duration": 2566,
    "testsRegistered": 3,
    "passPercent": 100,
    "pendingPercent": 0,
    "other": 0,
    "hasOther": false,
    "skipped": 0,
    "hasSkipped": false
  },
  "results": [
    {
      "uuid": "5e5572c4-071a-4bbd-accf-3a66bc4574de",
      "title": "",
      "fullFile": "cypress\\e2e\\wikipedia-tests\\mainpage.cy.ts",
      "file": "cypress\\e2e\\wikipedia-tests\\mainpage.cy.ts",
      "beforeHooks": [],
      "afterHooks": [],
      "tests": [],
      "suites": [
        {
          "uuid": "b88c3e9c-a9ae-4ba4-8862-650d91913cff",
          "title": "Wikipedia Main Page Link Tests",
          "fullFile": "",
          "file": "",
          "beforeHooks": [],
          "afterHooks": [],
          "tests": [
            {
              "title": "should navigate to \"From today's featured article\"",
              "fullTitle": "Wikipedia Main Page Link Tests should navigate to \"From today's featured article\"",
              "timedOut": null,
              "duration": 921,
              "state": "passed",
              "speed": "fast",
              "pass": true,
              "fail": false,
              "pending": false,
              "context": null,
              "code": "cy.fixture('testData.json').then(function (data) {\n    cy.contains(data.articleLinks.featuredArticle).click();\n    cy.url().should('include', '/wiki/');\n});",
              "err": {},
              "uuid": "a929353b-3735-44d7-b283-0df29729a982",
              "parentUUID": "b88c3e9c-a9ae-4ba4-8862-650d91913cff",
              "isHook": false,
              "skipped": false
            },
            {
              "title": "should navigate to \"In the news\"",
              "fullTitle": "Wikipedia Main Page Link Tests should navigate to \"In the news\"",
              "timedOut": null,
              "duration": 1024,
              "state": "passed",
              "speed": "fast",
              "pass": true,
              "fail": false,
              "pending": false,
              "context": null,
              "code": "cy.fixture('testData.json').then(function (data) {\n    cy.contains(data.articleLinks.inTheNews).click();\n    cy.url().should('include', '/wiki/');\n});",
              "err": {},
              "uuid": "1de0337b-b05b-4fdd-9e62-a7255a43a081",
              "parentUUID": "b88c3e9c-a9ae-4ba4-8862-650d91913cff",
              "isHook": false,
              "skipped": false
            },
            {
              "title": "should navigate to \"Did you know ...\"",
              "fullTitle": "Wikipedia Main Page Link Tests should navigate to \"Did you know ...\"",
              "timedOut": null,
              "duration": 545,
              "state": "passed",
              "speed": "fast",
              "pass": true,
              "fail": false,
              "pending": false,
              "context": null,
              "code": "cy.fixture('testData.json').then(function (data) {\n    cy.contains(data.articleLinks.didYouKnow).click();\n    cy.url().should('include', '/wiki/');\n});",
              "err": {},
              "uuid": "98e1dab2-5655-4593-a113-0af1adc76f46",
              "parentUUID": "b88c3e9c-a9ae-4ba4-8862-650d91913cff",
              "isHook": false,
              "skipped": false
            }
          ],
          "suites": [],
          "passes": [
            "a929353b-3735-44d7-b283-0df29729a982",
            "1de0337b-b05b-4fdd-9e62-a7255a43a081",
            "98e1dab2-5655-4593-a113-0af1adc76f46"
          ],
          "failures": [],
          "pending": [],
          "skipped": [],
          "duration": 2490,
          "root": false,
          "rootEmpty": false,
          "_timeout": 2000
        }
      ],
      "passes": [],
      "failures": [],
      "pending": [],
      "skipped": [],
      "duration": 0,
      "root": true,
      "rootEmpty": true,
      "_timeout": 2000
    }
  ],
  "meta": {
    "mocha": {
      "version": "7.0.1"
    },
    "mochawesome": {
      "options": {
        "quiet": false,
        "reportFilename": "mochawesome",
        "saveHtml": true,
        "saveJson": true,
        "consoleReporter": "spec",
        "useInlineDiffs": false,
        "code": true
      },
      "version": "7.1.3"
    },
    "marge": {
      "options": {
        "reportDir": "cypress/reports",
        "overwrite": false,
        "html": true,
        "json": true
      },
      "version": "6.2.0"
    }
  }
}