{
  "stats": {
    "suites": 1,
    "tests": 1,
    "passes": 1,
    "pending": 0,
    "failures": 0,
    "start": "2024-05-08T11:32:55.757Z",
    "end": "2024-05-08T11:32:58.277Z",
    "duration": 2520,
    "testsRegistered": 1,
    "passPercent": 100,
    "pendingPercent": 0,
    "other": 0,
    "hasOther": false,
    "skipped": 0,
    "hasSkipped": false
  },
  "results": [
    {
      "uuid": "084aa2dc-1f03-4d52-bef2-89a20ae4dc0f",
      "title": "",
      "fullFile": "cypress\\e2e\\wikipedia-tests\\current-events.cy.ts",
      "file": "cypress\\e2e\\wikipedia-tests\\current-events.cy.ts",
      "beforeHooks": [],
      "afterHooks": [],
      "tests": [],
      "suites": [
        {
          "uuid": "ad70c0b5-8cc4-451e-be65-6efd5afb7718",
          "title": "Wikipedia Current Events Page Test",
          "fullFile": "",
          "file": "",
          "beforeHooks": [],
          "afterHooks": [],
          "tests": [
            {
              "title": "should navigate to the Current Events page",
              "fullTitle": "Wikipedia Current Events Page Test should navigate to the Current Events page",
              "timedOut": null,
              "duration": 2387,
              "state": "passed",
              "speed": "fast",
              "pass": true,
              "fail": false,
              "pending": false,
              "context": null,
              "code": "cy.get('#vector-main-menu-dropdown-checkbox').click();\ncy.contains('Current events')\n    .should('be.visible')\n    .click();\ncy.url().should('include', '/wiki/Portal:Current_events');\ncy.contains('Portal:Current events').should('be.visible');\ncy.get('.p-current-events-headlines').contains('Recent deaths:').should('exist');\ncy.get('.p-current-events-calendar').should('exist');",
              "err": {},
              "uuid": "04ae8a11-4442-4d0e-8ec0-977c0f513a90",
              "parentUUID": "ad70c0b5-8cc4-451e-be65-6efd5afb7718",
              "isHook": false,
              "skipped": false
            }
          ],
          "suites": [],
          "passes": [
            "04ae8a11-4442-4d0e-8ec0-977c0f513a90"
          ],
          "failures": [],
          "pending": [],
          "skipped": [],
          "duration": 2387,
          "root": false,
          "rootEmpty": false,
          "_timeout": 2000
        }
      ],
      "passes": [],
      "failures": [],
      "pending": [],
      "skipped": [],
      "duration": 0,
      "root": true,
      "rootEmpty": true,
      "_timeout": 2000
    }
  ],
  "meta": {
    "mocha": {
      "version": "7.0.1"
    },
    "mochawesome": {
      "options": {
        "quiet": false,
        "reportFilename": "mochawesome",
        "saveHtml": true,
        "saveJson": true,
        "consoleReporter": "spec",
        "useInlineDiffs": false,
        "code": true
      },
      "version": "7.1.3"
    },
    "marge": {
      "options": {
        "reportDir": "cypress/reports",
        "overwrite": false,
        "html": true,
        "json": true
      },
      "version": "6.2.0"
    }
  }
}