{
  "stats": {
    "suites": 1,
    "tests": 1,
    "passes": 1,
    "pending": 0,
    "failures": 0,
    "start": "2024-05-08T11:33:07.657Z",
    "end": "2024-05-08T11:33:10.747Z",
    "duration": 3090,
    "testsRegistered": 1,
    "passPercent": 100,
    "pendingPercent": 0,
    "other": 0,
    "hasOther": false,
    "skipped": 0,
    "hasSkipped": false
  },
  "results": [
    {
      "uuid": "916f2e19-fbf0-440e-abf7-777619951e93",
      "title": "",
      "fullFile": "cypress\\e2e\\wikipedia-tests\\language.cy.ts",
      "file": "cypress\\e2e\\wikipedia-tests\\language.cy.ts",
      "beforeHooks": [],
      "afterHooks": [],
      "tests": [],
      "suites": [
        {
          "uuid": "bdd61b61-9a42-4c40-b16c-e3b24e29fbc8",
          "title": "Wikipedia Language Switching Tests",
          "fullFile": "",
          "file": "",
          "beforeHooks": [],
          "afterHooks": [],
          "tests": [
            {
              "title": "should switch to an alternative language",
              "fullTitle": "Wikipedia Language Switching Tests should switch to an alternative language",
              "timedOut": null,
              "duration": 3034,
              "state": "passed",
              "speed": "fast",
              "pass": true,
              "fail": false,
              "pending": false,
              "context": null,
              "code": "cy.fixture('testData.json').then(function (data) {\n    var language = data.languages.alternative;\n    cy.get('#p-lang-btn').should('be.visible').click();\n    cy.get('input[placeholder=\"Search for a language\"]').type('fr');\n    cy.get('li[data-code=\"fr\"]').should('be.visible');\n    cy.get('a[href=\"https://fr.wikipedia.org/wiki/\"]')\n        .contains(language)\n        .click();\n    cy.url().should('include', '/wiki/');\n});",
              "err": {},
              "uuid": "e5e5986d-b6b6-432d-a07b-98dfaddcc565",
              "parentUUID": "bdd61b61-9a42-4c40-b16c-e3b24e29fbc8",
              "isHook": false,
              "skipped": false
            }
          ],
          "suites": [],
          "passes": [
            "e5e5986d-b6b6-432d-a07b-98dfaddcc565"
          ],
          "failures": [],
          "pending": [],
          "skipped": [],
          "duration": 3034,
          "root": false,
          "rootEmpty": false,
          "_timeout": 2000
        }
      ],
      "passes": [],
      "failures": [],
      "pending": [],
      "skipped": [],
      "duration": 0,
      "root": true,
      "rootEmpty": true,
      "_timeout": 2000
    }
  ],
  "meta": {
    "mocha": {
      "version": "7.0.1"
    },
    "mochawesome": {
      "options": {
        "quiet": false,
        "reportFilename": "mochawesome",
        "saveHtml": true,
        "saveJson": true,
        "consoleReporter": "spec",
        "useInlineDiffs": false,
        "code": true
      },
      "version": "7.1.3"
    },
    "marge": {
      "options": {
        "reportDir": "cypress/reports",
        "overwrite": false,
        "html": true,
        "json": true
      },
      "version": "6.2.0"
    }
  }
}