{
  "stats": {
    "suites": 1,
    "tests": 1,
    "passes": 1,
    "pending": 0,
    "failures": 0,
    "start": "2024-05-08T11:33:01.684Z",
    "end": "2024-05-08T11:33:03.997Z",
    "duration": 2313,
    "testsRegistered": 1,
    "passPercent": 100,
    "pendingPercent": 0,
    "other": 0,
    "hasOther": false,
    "skipped": 0,
    "hasSkipped": false
  },
  "results": [
    {
      "uuid": "a0d1f4cb-d128-4746-8f5e-a8ca9eeb9602",
      "title": "",
      "fullFile": "cypress\\e2e\\wikipedia-tests\\edit.cy.ts",
      "file": "cypress\\e2e\\wikipedia-tests\\edit.cy.ts",
      "beforeHooks": [],
      "afterHooks": [],
      "tests": [],
      "suites": [
        {
          "uuid": "b53abce9-7733-4bec-aa3f-42fc3fda239e",
          "title": "Wikipedia Edit Capability Tests",
          "fullFile": "",
          "file": "",
          "beforeHooks": [],
          "afterHooks": [],
          "tests": [
            {
              "title": "should navigate to the edit page for an article (if logged in)",
              "fullTitle": "Wikipedia Edit Capability Tests should navigate to the edit page for an article (if logged in)",
              "timedOut": null,
              "duration": 2281,
              "state": "passed",
              "speed": "fast",
              "pass": true,
              "fail": false,
              "pending": false,
              "context": null,
              "code": "cy.visit('/wiki/Automation_testing');\ncy.get('#ca-edit').click();\ncy.url().should('include', 'action=edit');",
              "err": {},
              "uuid": "f5fc6e17-c83c-4335-a0e0-51ba90f8ab77",
              "parentUUID": "b53abce9-7733-4bec-aa3f-42fc3fda239e",
              "isHook": false,
              "skipped": false
            }
          ],
          "suites": [],
          "passes": [
            "f5fc6e17-c83c-4335-a0e0-51ba90f8ab77"
          ],
          "failures": [],
          "pending": [],
          "skipped": [],
          "duration": 2281,
          "root": false,
          "rootEmpty": false,
          "_timeout": 2000
        }
      ],
      "passes": [],
      "failures": [],
      "pending": [],
      "skipped": [],
      "duration": 0,
      "root": true,
      "rootEmpty": true,
      "_timeout": 2000
    }
  ],
  "meta": {
    "mocha": {
      "version": "7.0.1"
    },
    "mochawesome": {
      "options": {
        "quiet": false,
        "reportFilename": "mochawesome",
        "saveHtml": true,
        "saveJson": true,
        "consoleReporter": "spec",
        "useInlineDiffs": false,
        "code": true
      },
      "version": "7.1.3"
    },
    "marge": {
      "options": {
        "reportDir": "cypress/reports",
        "overwrite": false,
        "html": true,
        "json": true
      },
      "version": "6.2.0"
    }
  }
}