{
  "stats": {
    "suites": 1,
    "tests": 2,
    "passes": 2,
    "pending": 0,
    "failures": 0,
    "start": "2024-05-08T11:33:20.554Z",
    "end": "2024-05-08T11:33:26.482Z",
    "duration": 5928,
    "testsRegistered": 2,
    "passPercent": 100,
    "pendingPercent": 0,
    "other": 0,
    "hasOther": false,
    "skipped": 0,
    "hasSkipped": false
  },
  "results": [
    {
      "uuid": "3fe59a9e-5d39-4ff3-bd8e-fb5bce9bb13c",
      "title": "",
      "fullFile": "cypress\\e2e\\wikipedia-tests\\search.cy.ts",
      "file": "cypress\\e2e\\wikipedia-tests\\search.cy.ts",
      "beforeHooks": [],
      "afterHooks": [],
      "tests": [],
      "suites": [
        {
          "uuid": "e5ff3fdf-352a-4b9d-81b5-951495614759",
          "title": "Wikipedia Search Tests",
          "fullFile": "",
          "file": "",
          "beforeHooks": [],
          "afterHooks": [],
          "tests": [
            {
              "title": "should perform a search and navigate to the correct article",
              "fullTitle": "Wikipedia Search Tests should perform a search and navigate to the correct article",
              "timedOut": null,
              "duration": 1738,
              "state": "passed",
              "speed": "fast",
              "pass": true,
              "fail": false,
              "pending": false,
              "context": null,
              "code": "var searchTerm = 'Test';\ncy.get('#searchInput').type(searchTerm);\ncy.get('#searchform button').click();\ncy.url().should('include', \"/wiki/\".concat(encodeURIComponent(searchTerm)));\ncy.contains(searchTerm).should('be.visible');",
              "err": {},
              "uuid": "07037c88-b3dd-4d31-9ed1-fc4acddb3143",
              "parentUUID": "e5ff3fdf-352a-4b9d-81b5-951495614759",
              "isHook": false,
              "skipped": false
            },
            {
              "title": "should return results for a variety of search terms",
              "fullTitle": "Wikipedia Search Tests should return results for a variety of search terms",
              "timedOut": null,
              "duration": 4086,
              "state": "passed",
              "speed": "fast",
              "pass": true,
              "fail": false,
              "pending": false,
              "context": null,
              "code": "cy.fixture('testData.json').then(function (data) {\n    data.searchTerms.forEach(function (term) {\n        cy.get('#searchInput').type(term);\n        cy.get('#searchform button').click();\n        cy.url().should('include', \"/wiki/\".concat(encodeURIComponent(term)));\n        cy.contains(term).should('be.visible');\n        cy.go('back');\n    });\n});",
              "err": {},
              "uuid": "60dfaa41-d2f9-4b52-b38c-629eb4ca36fd",
              "parentUUID": "e5ff3fdf-352a-4b9d-81b5-951495614759",
              "isHook": false,
              "skipped": false
            }
          ],
          "suites": [],
          "passes": [
            "07037c88-b3dd-4d31-9ed1-fc4acddb3143",
            "60dfaa41-d2f9-4b52-b38c-629eb4ca36fd"
          ],
          "failures": [],
          "pending": [],
          "skipped": [],
          "duration": 5824,
          "root": false,
          "rootEmpty": false,
          "_timeout": 2000
        }
      ],
      "passes": [],
      "failures": [],
      "pending": [],
      "skipped": [],
      "duration": 0,
      "root": true,
      "rootEmpty": true,
      "_timeout": 2000
    }
  ],
  "meta": {
    "mocha": {
      "version": "7.0.1"
    },
    "mochawesome": {
      "options": {
        "quiet": false,
        "reportFilename": "mochawesome",
        "saveHtml": true,
        "saveJson": true,
        "consoleReporter": "spec",
        "useInlineDiffs": false,
        "code": true
      },
      "version": "7.1.3"
    },
    "marge": {
      "options": {
        "reportDir": "cypress/reports",
        "overwrite": false,
        "html": true,
        "json": true
      },
      "version": "6.2.0"
    }
  }
}